<?xml version="1.0" encoding="UTF-8"?>
<!-- Generated by org.testng.reporters.JUnitXMLReporter -->
<testsuite ignored="0" hostname="DESKTOP-9BJ4JH8" failures="0" tests="4" name="Default test" time="0.055" errors="0" timestamp="2023-12-07T23:56:40 NZDT">
  <testcase classname="UtilitiesExcelReader.LoginData" name="testReadExcelData" time="0.008"/>
  <testcase classname="UtilitiesExcelReader.LoginData" name="testReadExcelData" time="0.002"/>
  <testcase classname="UtilitiesExcelReader.LoginData" name="testReadExcelData" time="0.002"/>
  <testcase classname="UtilitiesExcelReader.LoginData" name="testReadExcelData" time="0.001"/>
</testsuite> <!-- Default test -->
