<?xml version="1.0" encoding="UTF-8"?>
<!-- Generated by org.testng.reporters.JUnitXMLReporter -->
<testsuite ignored="0" hostname="DESKTOP-9BJ4JH8" failures="0" tests="7" name="Test" time="17.403" errors="0" timestamp="2023-11-19T12:36:47 NZDT">
  <testcase classname="io.cucumber.testng.AbstractTestNGCucumberTests" name="runScenario" time="9.525"/>
  <testcase classname="io.cucumber.testng.AbstractTestNGCucumberTests" name="runScenario" time="7.27"/>
  <testcase classname="UtilitiesExcelReader.LoginData" name="testReadExcelData" time="0.003"/>
  <testcase classname="UtilitiesExcelReader.LoginData" name="testReadExcelData" time="0.0"/>
  <testcase classname="UtilitiesExcelReader.LoginData" name="testReadExcelData" time="0.0"/>
  <testcase classname="UtilitiesExcelReader.LoginData" name="testReadExcelData" time="0.0"/>
  <testcase classname="UtilitiesExcelReader.LoginData" name="testReadExcelData" time="0.0"/>
</testsuite> <!-- Test -->
