<?xml version="1.0" encoding="UTF-8"?>
<!-- Generated by org.testng.reporters.JUnitXMLReporter -->
<testsuite ignored="0" hostname="DESKTOP-9BJ4JH8" failures="0" tests="7"
	name="Test" time="50.648" errors="0" timestamp="2023-12-06T22:34:32 NZDT">
	<testcase classname="io.cucumber.testng.AbstractTestNGCucumberTests"
		name="runScenario" time="47.545" />
	<testcase classname="com.RestAPI.TestRequest_Response" name="TestLogin"
		time="1.715" />
	<testcase classname="com.RestAPI.TestRequest_Response" name="TestLogin"
		time="0.777" />
	<testcase classname="UtilitiesExcelReader.LoginData"
		name="testReadExcelData" time="0.002" />
	<testcase classname="UtilitiesExcelReader.LoginData"
		name="testReadExcelData" time="0.002" />
	<testcase classname="UtilitiesExcelReader.LoginData"
		name="testReadExcelData" time="0.001" />
	<testcase classname="UtilitiesExcelReader.LoginData"
		name="testReadExcelData" time="0.001" />
</testsuite> <!-- Test -->
