<?xml version="1.0" encoding="UTF-8"?>
<testng-results ignored="0" total="7" passed="7" failed="0" skipped="0">
  <reporter-output>
  </reporter-output>
  <suite started-at="2023-12-05T22:24:03 NZDT" name="Suite" finished-at="2023-12-05T22:25:12 NZDT" duration-ms="69151">
    <groups>
      <group name="cucumber">
        <method signature="AbstractTestNGCucumberTests.runScenario(io.cucumber.testng.PickleWrapper,io.cucumber.testng.FeatureWrapper)[pri:0, instance:com.swiggy.runner.CucumberRunnerTests@65d09a04]" name="runScenario" class="io.cucumber.testng.AbstractTestNGCucumberTests"/>
      </group> <!-- cucumber -->
    </groups>
    <test started-at="2023-12-05T22:24:03 NZDT" name="Test" finished-at="2023-12-05T22:25:12 NZDT" duration-ms="69151">
      <class name="com.swiggy.runner.CucumberRunnerTests">
        <test-method is-config="true" signature="setUpClass()[pri:0, instance:com.swiggy.runner.CucumberRunnerTests@65d09a04]" started-at="2023-12-05T22:24:03 NZDT" name="setUpClass" finished-at="2023-12-05T22:24:03 NZDT" duration-ms="423" status="PASS">
          <reporter-output>
          </reporter-output>
        </test-method> <!-- setUpClass -->
        <test-method signature="runScenario(io.cucumber.testng.PickleWrapper,io.cucumber.testng.FeatureWrapper)[pri:0, instance:com.swiggy.runner.CucumberRunnerTests@65d09a04]" started-at="2023-12-05T22:24:03 NZDT" name="runScenario" description="Runs Cucumber Scenarios" data-provider="scenarios" finished-at="2023-12-05T22:25:07 NZDT" duration-ms="64212" status="PASS">
          <params>
            <param index="0">
              <value>
                <![CDATA["Order Pizza From Swiggy"]]>
              </value>
            </param>
            <param index="1">
              <value>
                <![CDATA["Optional[Order Pizza from Swiggy]"]]>
              </value>
            </param>
          </params>
          <reporter-output>
          </reporter-output>
        </test-method> <!-- runScenario -->
        <test-method is-config="true" signature="tearDownClass()[pri:0, instance:com.swiggy.runner.CucumberRunnerTests@65d09a04]" started-at="2023-12-05T22:25:07 NZDT" name="tearDownClass" finished-at="2023-12-05T22:25:08 NZDT" duration-ms="461" status="PASS">
          <reporter-output>
          </reporter-output>
        </test-method> <!-- tearDownClass -->
      </class> <!-- com.swiggy.runner.CucumberRunnerTests -->
      <class name="com.RestAPI.TestRequest_Response">
        <test-method is-config="true" signature="before()[pri:0, instance:com.RestAPI.TestRequest_Response@757277dc]" started-at="2023-12-05T22:25:08 NZDT" name="before" finished-at="2023-12-05T22:25:08 NZDT" duration-ms="654" status="PASS">
          <reporter-output>
          </reporter-output>
        </test-method> <!-- before -->
        <test-method signature="TestLogin(java.lang.String,java.lang.String)[pri:0, instance:com.RestAPI.TestRequest_Response@757277dc]" started-at="2023-12-05T22:25:08 NZDT" name="TestLogin" data-provider="dp" finished-at="2023-12-05T22:25:11 NZDT" duration-ms="2502" status="PASS">
          <params>
            <param index="0">
              <value>
                <![CDATA[Duleeka]]>
              </value>
            </param>
            <param index="1">
              <value>
                <![CDATA[TA]]>
              </value>
            </param>
          </params>
          <reporter-output>
          </reporter-output>
        </test-method> <!-- TestLogin -->
        <test-method signature="TestLogin(java.lang.String,java.lang.String)[pri:0, instance:com.RestAPI.TestRequest_Response@757277dc]" started-at="2023-12-05T22:25:11 NZDT" name="TestLogin" data-provider="dp" finished-at="2023-12-05T22:25:12 NZDT" duration-ms="817" status="PASS">
          <params>
            <param index="0">
              <value>
                <![CDATA[Munasinghe]]>
              </value>
            </param>
            <param index="1">
              <value>
                <![CDATA[Businessman]]>
              </value>
            </param>
          </params>
          <reporter-output>
          </reporter-output>
        </test-method> <!-- TestLogin -->
      </class> <!-- com.RestAPI.TestRequest_Response -->
      <class name="UtilitiesExcelReader.LoginData">
        <test-method signature="testReadExcelData(java.lang.String,java.lang.String,java.lang.String)[pri:0, instance:UtilitiesExcelReader.LoginData@62ef27a8]" started-at="2023-12-05T22:25:12 NZDT" name="testReadExcelData" data-provider="browserdata" finished-at="2023-12-05T22:25:12 NZDT" duration-ms="2" status="PASS">
          <params>
            <param index="0">
              <value>
                <![CDATA[Duleeka]]>
              </value>
            </param>
            <param index="1">
              <value>
                <![CDATA[Munasinghe]]>
              </value>
            </param>
            <param index="2">
              <value>
                <![CDATA[500128S]]>
              </value>
            </param>
          </params>
          <reporter-output>
          </reporter-output>
        </test-method> <!-- testReadExcelData -->
        <test-method signature="testReadExcelData(java.lang.String,java.lang.String,java.lang.String)[pri:0, instance:UtilitiesExcelReader.LoginData@62ef27a8]" started-at="2023-12-05T22:25:12 NZDT" name="testReadExcelData" data-provider="browserdata" finished-at="2023-12-05T22:25:12 NZDT" duration-ms="1" status="PASS">
          <params>
            <param index="0">
              <value>
                <![CDATA[Kumara]]>
              </value>
            </param>
            <param index="1">
              <value>
                <![CDATA[Sangakkara]]>
              </value>
            </param>
            <param index="2">
              <value>
                <![CDATA[a2]]>
              </value>
            </param>
          </params>
          <reporter-output>
          </reporter-output>
        </test-method> <!-- testReadExcelData -->
        <test-method signature="testReadExcelData(java.lang.String,java.lang.String,java.lang.String)[pri:0, instance:UtilitiesExcelReader.LoginData@62ef27a8]" started-at="2023-12-05T22:25:12 NZDT" name="testReadExcelData" data-provider="browserdata" finished-at="2023-12-05T22:25:12 NZDT" duration-ms="1" status="PASS">
          <params>
            <param index="0">
              <value>
                <![CDATA[Aravinda]]>
              </value>
            </param>
            <param index="1">
              <value>
                <![CDATA[Silva]]>
              </value>
            </param>
            <param index="2">
              <value>
                <![CDATA[ad3]]>
              </value>
            </param>
          </params>
          <reporter-output>
          </reporter-output>
        </test-method> <!-- testReadExcelData -->
        <test-method signature="testReadExcelData(java.lang.String,java.lang.String,java.lang.String)[pri:0, instance:UtilitiesExcelReader.LoginData@62ef27a8]" started-at="2023-12-05T22:25:12 NZDT" name="testReadExcelData" data-provider="browserdata" finished-at="2023-12-05T22:25:12 NZDT" duration-ms="0" status="PASS">
          <params>
            <param index="0">
              <value>
                <![CDATA[Virath]]>
              </value>
            </param>
            <param index="1">
              <value>
                <![CDATA[Kholi]]>
              </value>
            </param>
            <param index="2">
              <value>
                <![CDATA[bdge334]]>
              </value>
            </param>
          </params>
          <reporter-output>
          </reporter-output>
        </test-method> <!-- testReadExcelData -->
      </class> <!-- UtilitiesExcelReader.LoginData -->
    </test> <!-- Test -->
  </suite> <!-- Suite -->
</testng-results>
