<?xml version="1.0" encoding="UTF-8"?>
<testng-results ignored="0" total="4" passed="4" failed="0" skipped="0">
  <reporter-output>
  </reporter-output>
  <suite started-at="2023-12-07T23:56:40 NZDT" name="Default suite" finished-at="2023-12-07T23:56:40 NZDT" duration-ms="55">
    <groups>
    </groups>
    <test started-at="2023-12-07T23:56:40 NZDT" name="Default test" finished-at="2023-12-07T23:56:40 NZDT" duration-ms="55">
      <class name="UtilitiesExcelReader.LoginData">
        <test-method signature="testReadExcelData(java.lang.String,java.lang.String,java.lang.String)[pri:0, instance:UtilitiesExcelReader.LoginData@27eedb64]" started-at="2023-12-07T23:56:40 NZDT" name="testReadExcelData" data-provider="browserdata" finished-at="2023-12-07T23:56:40 NZDT" duration-ms="8" status="PASS">
          <params>
            <param index="0">
              <value>
                <![CDATA[Duleeka]]>
              </value>
            </param>
            <param index="1">
              <value>
                <![CDATA[Munasinghe]]>
              </value>
            </param>
            <param index="2">
              <value>
                <![CDATA[500128S]]>
              </value>
            </param>
          </params>
          <reporter-output>
          </reporter-output>
        </test-method> <!-- testReadExcelData -->
        <test-method signature="testReadExcelData(java.lang.String,java.lang.String,java.lang.String)[pri:0, instance:UtilitiesExcelReader.LoginData@27eedb64]" started-at="2023-12-07T23:56:40 NZDT" name="testReadExcelData" data-provider="browserdata" finished-at="2023-12-07T23:56:40 NZDT" duration-ms="2" status="PASS">
          <params>
            <param index="0">
              <value>
                <![CDATA[Kumara]]>
              </value>
            </param>
            <param index="1">
              <value>
                <![CDATA[Sangakkara]]>
              </value>
            </param>
            <param index="2">
              <value>
                <![CDATA[a2]]>
              </value>
            </param>
          </params>
          <reporter-output>
          </reporter-output>
        </test-method> <!-- testReadExcelData -->
        <test-method signature="testReadExcelData(java.lang.String,java.lang.String,java.lang.String)[pri:0, instance:UtilitiesExcelReader.LoginData@27eedb64]" started-at="2023-12-07T23:56:40 NZDT" name="testReadExcelData" data-provider="browserdata" finished-at="2023-12-07T23:56:40 NZDT" duration-ms="2" status="PASS">
          <params>
            <param index="0">
              <value>
                <![CDATA[Aravinda]]>
              </value>
            </param>
            <param index="1">
              <value>
                <![CDATA[Silva]]>
              </value>
            </param>
            <param index="2">
              <value>
                <![CDATA[ad3]]>
              </value>
            </param>
          </params>
          <reporter-output>
          </reporter-output>
        </test-method> <!-- testReadExcelData -->
        <test-method signature="testReadExcelData(java.lang.String,java.lang.String,java.lang.String)[pri:0, instance:UtilitiesExcelReader.LoginData@27eedb64]" started-at="2023-12-07T23:56:40 NZDT" name="testReadExcelData" data-provider="browserdata" finished-at="2023-12-07T23:56:40 NZDT" duration-ms="1" status="PASS">
          <params>
            <param index="0">
              <value>
                <![CDATA[Virath]]>
              </value>
            </param>
            <param index="1">
              <value>
                <![CDATA[Kholi]]>
              </value>
            </param>
            <param index="2">
              <value>
                <![CDATA[bdge334]]>
              </value>
            </param>
          </params>
          <reporter-output>
          </reporter-output>
        </test-method> <!-- testReadExcelData -->
      </class> <!-- UtilitiesExcelReader.LoginData -->
    </test> <!-- Default test -->
  </suite> <!-- Default suite -->
</testng-results>
